<?xml version="1.0" encoding="UTF-8" ?>
<testsuite tests="0" failures="0" name="github.veikkoroc.zk.ClearRegistryTest" time="0" errors="0" skipped="0">
  <properties>
    <property name="java.runtime.name" value="Java(TM) SE Runtime Environment"/>
    <property name="java.vm.version" value="12.0.2+10"/>
    <property name="sun.boot.library.path" value="I:\From Chrome\JDK12\bin"/>
    <property name="maven.multiModuleProjectDirectory" value="D:\Works of IT\IDEA_IU_Project\GitHub\my-rpc\myrpc-framework-provider"/>
    <property name="java.vm.vendor" value="Oracle Corporation"/>
    <property name="java.vendor.url" value="https://java.oracle.com/"/>
    <property name="guice.disable.misplaced.annotation.check" value="true"/>
    <property name="path.separator" value=";"/>
    <property name="java.vm.name" value="Java HotSpot(TM) 64-Bit Server VM"/>
    <property name="sun.os.patch.level" value=""/>
    <property name="user.script" value=""/>
    <property name="user.country" value="CN"/>
    <property name="sun.java.launcher" value="SUN_STANDARD"/>
    <property name="java.vm.specification.name" value="Java Virtual Machine Specification"/>
    <property name="user.dir" value="D:\Works of IT\IDEA_IU_Project\GitHub\my-rpc\myrpc-framework-provider"/>
    <property name="java.vm.compressedOopsMode" value="Zero based"/>
    <property name="java.runtime.version" value="12.0.2+10"/>
    <property name="java.awt.graphicsenv" value="sun.awt.Win32GraphicsEnvironment"/>
    <property name="os.arch" value="amd64"/>
    <property name="java.io.tmpdir" value="C:\Users\24744\AppData\Local\Temp\"/>
    <property name="line.separator" value="
"/>
    <property name="java.vm.specification.vendor" value="Oracle Corporation"/>
    <property name="user.variant" value=""/>
    <property name="os.name" value="Windows 10"/>
    <property name="maven.ext.class.path" value="I:\From BaiduNetDisk\IDEA_2019\IntelliJ IDEA 2019.3.3\plugins\maven\lib\maven-event-listener.jar"/>
    <property name="archetypeCatalog" value="internal"/>
    <property name="classworlds.conf" value="I:\From Chrome\Maven\apache-maven-3.5.2\bin\m2.conf"/>
    <property name="sun.jnu.encoding" value="GBK"/>
    <property name="java.library.path" value="I:\From Chrome\JDK12\bin;C:\WINDOWS\Sun\Java\bin;C:\WINDOWS\system32;C:\WINDOWS;I:\From Chrome\Xftp\Xftp_6.0\;I:\From Chrome\Xshell\Xshell-6.0\;C:\WINDOWS\system32;C:\WINDOWS;C:\WINDOWS\System32\Wbem;C:\WINDOWS\System32\WindowsPowerShell\v1.0\;C:\WINDOWS\System32\OpenSSH\;I:\From Chrome\JDK12\bin;I:\From Chrome\MySQL\mysql-8.0.17-winx64\bin;C:\Program Files\Intel\WiFi\bin\;C:\Program Files\Common Files\Intel\WirelessCommon\;I:\From Chrome\Maven\apache-maven-3.5.2\bin;I:\From BaiduNetDisk\Git\Git-2.21.0-32-bit\Program_Install\Git\cmd;I:\From Chrome\Gradle\gradle-5.2.1\bin;C:\Users\24744\AppData\Local\Microsoft\WindowsApps;C:\Users\24744\AppData\Local\GitHubDesktop\bin;I:\QMDownload\VS Code\Microsoft VS Code\bin;C:\Program Files\Intel\WiFi\bin\;C:\Program Files\Common Files\Intel\WirelessCommon\;I:\From BaiduNetDisk\IDEA_2019\IntelliJ IDEA 2019.3.3\bin;;C:\Users\24744\AppData\Local\Microsoft\WindowsApps;;I:\From Chrome\JetBrain\datagrip-2020\DataGrip 2020\Program\DataGrip 2020.1\bin;;."/>
    <property name="maven.conf" value="I:\From Chrome\Maven\apache-maven-3.5.2/conf"/>
    <property name="jdk.debug" value="release"/>
    <property name="java.class.version" value="56.0"/>
    <property name="java.specification.name" value="Java Platform API Specification"/>
    <property name="sun.management.compiler" value="HotSpot 64-Bit Tiered Compilers"/>
    <property name="maven.repo.local" value="E:\Maven_local_warehouse\maven_repository"/>
    <property name="idea.version2019.3.3" value="true"/>
    <property name="os.version" value="10.0"/>
    <property name="user.home" value="C:\Users\24744"/>
    <property name="user.timezone" value="Asia/Shanghai"/>
    <property name="file.encoding" value="UTF-8"/>
    <property name="java.specification.version" value="12"/>
    <property name="user.name" value="LvPeng"/>
    <property name="java.class.path" value="I:\From Chrome\Maven\apache-maven-3.5.2\boot\plexus-classworlds-2.5.2.jar"/>
    <property name="java.vm.specification.version" value="12"/>
    <property name="sun.arch.data.model" value="64"/>
    <property name="sun.java.command" value="org.codehaus.classworlds.Launcher -Didea.version2019.3.3 -s I:\From Chrome\Maven\apache-maven-3.5.2\conf\settings.xml -Dmaven.repo.local=E:\Maven_local_warehouse\maven_repository package"/>
    <property name="java.home" value="I:\From Chrome\JDK12"/>
    <property name="user.language" value="zh"/>
    <property name="java.specification.vendor" value="Oracle Corporation"/>
    <property name="awt.toolkit" value="sun.awt.windows.WToolkit"/>
    <property name="java.vm.info" value="mixed mode, sharing"/>
    <property name="java.version" value="12.0.2"/>
    <property name="java.vendor" value="Oracle Corporation"/>
    <property name="maven.home" value="I:\From Chrome\Maven\apache-maven-3.5.2"/>
    <property name="file.separator" value="\"/>
    <property name="java.version.date" value="2019-07-16"/>
    <property name="java.vendor.url.bug" value="https://bugreport.java.com/bugreport/"/>
    <property name="sun.io.unicode.encoding" value="UnicodeLittle"/>
    <property name="sun.cpu.endian" value="little"/>
    <property name="sun.desktop" value="windows"/>
    <property name="sun.cpu.isalist" value="amd64"/>
  </properties>
</testsuite>